{
  "RSpec": {
    "coverage": {
      "/home/inql/Documents/ruby/projektsemestralny-gofive/lib/Dziennik.rb": [
        1,
        1,
        null,
        1,
        1,
        1,
        0,
        null,
        null,
        null,
        null,
        null,
        null,
        null,
        null,
        null,
        null,
        null,
        null,
        null,
        null,
        null,
        null,
        null
      ],
      "/home/inql/Documents/ruby/projektsemestralny-gofive/lib/Uczen.rb": [
        null,
        1,
        0,
        null,
        null,
        1,
        0,
        null,
        null,
        1,
        0,
        null
      ],
      "/home/inql/Documents/ruby/projektsemestralny-gofive/lib/Database.rb": [
        1,
        null,
        null,
        null,
        1,
        null,
        1,
        null,
        1,
        1,
        1,
        1,
        1,
        1,
        1,
        null,
        1,
        1,
        null,
        1,
        1,
        null,
        null,
        null,
        0,
        0,
        null,
        null,
        1,
        null
      ]
    },
    "timestamp": 1544717913
  }
}
